app/build/outputs/logs/manifest-merger-debug-report.txt
-- Merging decision tree log ---
manifest
ADDED from src\main\AndroidManifest.xml:2:1-186:12
	package
		ADDED from src\main\AndroidManifest.xml:4:5-38
		INJECTED from src\main\AndroidManifest.xml
		INJECTED from src\main\AndroidManifest.xml
	android:versionName
		ADDED from src\main\AndroidManifest.xml:6:5-30
		INJECTED from src\main\AndroidManifest.xml
		INJECTED from src\main\AndroidManifest.xml
	xmlns:tools
		ADDED from src\main\AndroidManifest.xml:3:5-51
	android:versionCode
		ADDED from src\main\AndroidManifest.xml:5:5-28
		INJECTED from src\main\AndroidManifest.xml
		INJECTED from src\main\AndroidManifest.xml
	xmlns:android
		ADDED from src\main\AndroidManifest.xml:2:11-69
uses-permission#android.permission.INTERNET
ADDED from src\main\AndroidManifest.xml:8:5-67
MERGED from [:liteimsdk-release:] AndroidManifest.xml:12:5-67
	android:name
		ADDED from src\main\AndroidManifest.xml:8:22-64
uses-permission#android.permission.ACCESS_NETWORK_STATE
ADDED from src\main\AndroidManifest.xml:9:5-79
MERGED from [:liteimsdk-release:] AndroidManifest.xml:25:5-79
	android:name
		ADDED from src\main\AndroidManifest.xml:9:22-76
uses-permission#android.permission.ACCESS_WIFI_STATE
ADDED from src\main\AndroidManifest.xml:10:5-76
MERGED from [:LiteAVSDK_UGC:] AndroidManifest.xml:15:5-76
MERGED from [:liteimsdk-release:] AndroidManifest.xml:17:5-76
	android:name
		ADDED from src\main\AndroidManifest.xml:10:22-73
uses-permission#android.permission.READ_PHONE_STATE
ADDED from src\main\AndroidManifest.xml:11:5-75
MERGED from [:liteimsdk-release:] AndroidManifest.xml:13:5-75
	android:name
		ADDED from src\main\AndroidManifest.xml:11:22-72
uses-permission#android.permission.CALL_PHONE
ADDED from src\main\AndroidManifest.xml:12:5-69
	android:name
		ADDED from src\main\AndroidManifest.xml:12:22-66
uses-permission#android.permission.WRITE_EXTERNAL_STORAGE
ADDED from src\main\AndroidManifest.xml:13:5-81
MERGED from [:LiteAVSDK_UGC:] AndroidManifest.xml:14:5-81
MERGED from [:liteimsdk-release:] AndroidManifest.xml:11:5-81
	android:name
		ADDED from src\main\AndroidManifest.xml:13:22-78
uses-permission#android.permission.READ_EXTERNAL_STORAGE
ADDED from src\main\AndroidManifest.xml:14:5-80
	android:name
		ADDED from src\main\AndroidManifest.xml:14:22-77
uses-permission#android.permission.READ_LOGS
ADDED from src\main\AndroidManifest.xml:15:5-68
MERGED from [:liteimsdk-release:] AndroidManifest.xml:19:5-68
	android:name
		ADDED from src\main\AndroidManifest.xml:15:22-65
uses-permission#android.permission.RECORD_AUDIO
ADDED from src\main\AndroidManifest.xml:16:5-71
MERGED from [:LiteAVSDK_UGC:] AndroidManifest.xml:12:5-71
MERGED from [:liteimsdk-release:] AndroidManifest.xml:21:5-71
	android:name
		ADDED from src\main\AndroidManifest.xml:16:22-68
uses-permission#android.permission.CAMERA
ADDED from src\main\AndroidManifest.xml:17:5-65
MERGED from [:LiteAVSDK_UGC:] AndroidManifest.xml:11:5-65
	android:name
		ADDED from src\main\AndroidManifest.xml:17:22-62
uses-permission#android.permission.CAPTURE_AUDIO_OUTPUT
ADDED from src\main\AndroidManifest.xml:18:5-79
	android:name
		ADDED from src\main\AndroidManifest.xml:18:22-76
uses-permission#android.permission.CAPTURE_VIDEO_OUTPUT
ADDED from src\main\AndroidManifest.xml:19:5-79
	android:name
		ADDED from src\main\AndroidManifest.xml:19:22-76
uses-permission#android.permission.MODIFY_AUDIO_SETTINGS
ADDED from src\main\AndroidManifest.xml:20:5-80
MERGED from [:liteimsdk-release:] AndroidManifest.xml:26:5-80
	android:name
		ADDED from src\main\AndroidManifest.xml:20:22-77
uses-permission#android.permission.BLUETOOTH
ADDED from src\main\AndroidManifest.xml:21:5-68
	android:name
		ADDED from src\main\AndroidManifest.xml:21:22-65
uses-feature#android.hardware.camera
ADDED from src\main\AndroidManifest.xml:23:5-60
	android:name
		ADDED from src\main\AndroidManifest.xml:23:19-57
uses-feature#android.hardware.camera.autofocus
ADDED from src\main\AndroidManifest.xml:24:5-70
	android:name
		ADDED from src\main\AndroidManifest.xml:24:19-67
uses-permission#android.permission.CHANGE_CONFIGURATION
ADDED from src\main\AndroidManifest.xml:26:5-79
	android:name
		ADDED from src\main\AndroidManifest.xml:26:22-76
uses-permission#android.permission.WRITE_SETTINGS
ADDED from src\main\AndroidManifest.xml:27:5-73
	android:name
		ADDED from src\main\AndroidManifest.xml:27:22-70
application
ADDED from src\main\AndroidManifest.xml:30:5-184:19
MERGED from [:zxing-1.8.4:] AndroidManifest.xml:11:5-20
MERGED from [:barcodescanner-core-1.8.4:] AndroidManifest.xml:11:5-20
MERGED from [:volley-1.0.0:] AndroidManifest.xml:9:5-20
MERGED from [:LiteAVSDK_UGC:] AndroidManifest.xml:17:5-21:19
MERGED from [com.android.support:appcompat-v7:25.3.1] AndroidManifest.xml:29:5-20
MERGED from [com.android.support:support-v4:25.3.1] AndroidManifest.xml:29:5-20
MERGED from [com.android.support:support-fragment:25.3.1] AndroidManifest.xml:29:5-20
MERGED from [com.android.support:support-media-compat:25.3.1] AndroidManifest.xml:29:5-20
MERGED from [com.android.support:support-core-utils:25.3.1] AndroidManifest.xml:29:5-20
MERGED from [com.android.support:animated-vector-drawable:25.3.1] AndroidManifest.xml:26:5-20
MERGED from [com.android.support:support-vector-drawable:25.3.1] AndroidManifest.xml:26:5-20
MERGED from [com.android.support:support-core-ui:25.3.1] AndroidManifest.xml:29:5-20
MERGED from [com.android.support:support-compat:25.3.1] AndroidManifest.xml:29:5-20
MERGED from [:liteimsdk-release:] AndroidManifest.xml:28:5-51:19
MERGED from [com.android.support.constraint:constraint-layout:1.0.2] AndroidManifest.xml:9:5-20
	android:label
		ADDED from src\main\AndroidManifest.xml:34:9-41
	android:supportsRtl
		ADDED from [:LiteAVSDK_UGC:] AndroidManifest.xml:20:9-35
	android:allowBackup
		ADDED from src\main\AndroidManifest.xml:32:9-35
	android:icon
		ADDED from src\main\AndroidManifest.xml:33:9-45
	android:largeHeap
		ADDED from src\main\AndroidManifest.xml:35:9-33
	android:theme
		ADDED from src\main\AndroidManifest.xml:36:9-40
	android:name
		ADDED from src\main\AndroidManifest.xml:31:9-40
service#com.tencent.qalsdk.service.QalService
ADDED from src\main\AndroidManifest.xml:39:9-42:45
	android:process
		ADDED from src\main\AndroidManifest.xml:42:13-42
	android:exported
		ADDED from src\main\AndroidManifest.xml:41:13-36
	android:name
		ADDED from src\main\AndroidManifest.xml:40:13-65
service#com.tencent.qalsdk.service.QalAssistService
ADDED from src\main\AndroidManifest.xml:43:9-46:45
	android:process
		ADDED from src\main\AndroidManifest.xml:46:13-42
	android:exported
		ADDED from src\main\AndroidManifest.xml:45:13-37
	android:name
		ADDED from src\main\AndroidManifest.xml:44:13-71
activity#com.tencent.liteav.demo.MainActivity
ADDED from src\main\AndroidManifest.xml:48:9-59:20
	android:screenOrientation
		ADDED from src\main\AndroidManifest.xml:53:13-49
	android:label
		ADDED from src\main\AndroidManifest.xml:51:13-45
	android:launchMode
		ADDED from src\main\AndroidManifest.xml:52:13-43
	android:configChanges
		ADDED from src\main\AndroidManifest.xml:50:13-74
	android:name
		ADDED from src\main\AndroidManifest.xml:49:13-41
intent-filter#android.intent.action.MAIN+android.intent.category.LAUNCHER
ADDED from src\main\AndroidManifest.xml:54:13-58:29
action#android.intent.action.MAIN
ADDED from src\main\AndroidManifest.xml:55:17-69
	android:name
		ADDED from src\main\AndroidManifest.xml:55:25-66
category#android.intent.category.LAUNCHER
ADDED from src\main\AndroidManifest.xml:57:17-77
	android:name
		ADDED from src\main\AndroidManifest.xml:57:27-74
activity#com.tencent.liteav.demo.common.activity.QRCodeScanActivity
ADDED from src\main\AndroidManifest.xml:60:9-62:52
	android:screenOrientation
		ADDED from src\main\AndroidManifest.xml:62:13-49
	android:name
		ADDED from src\main\AndroidManifest.xml:61:13-63
activity#com.tencent.liteav.demo.push.LivePublisherActivity
ADDED from src\main\AndroidManifest.xml:63:9-66:67
	android:windowSoftInputMode
		ADDED from src\main\AndroidManifest.xml:66:13-64
	android:configChanges
		ADDED from src\main\AndroidManifest.xml:65:13-74
	android:name
		ADDED from src\main\AndroidManifest.xml:64:13-55
activity#com.tencent.liteav.demo.play.LivePlayerActivity
ADDED from src\main\AndroidManifest.xml:67:9-69:52
	android:screenOrientation
		ADDED from src\main\AndroidManifest.xml:69:13-49
	android:name
		ADDED from src\main\AndroidManifest.xml:68:13-52
activity#com.tencent.liteav.demo.answerplay.AnswerPlayerActivity
ADDED from src\main\AndroidManifest.xml:70:9-73:52
	android:screenOrientation
		ADDED from src\main\AndroidManifest.xml:73:13-49
	android:windowSoftInputMode
		ADDED from src\main\AndroidManifest.xml:72:13-54
	android:name
		ADDED from src\main\AndroidManifest.xml:71:13-60
activity#com.tencent.liteav.demo.linkmic.LinkMicActivity
ADDED from src\main\AndroidManifest.xml:74:9-77:67
	android:screenOrientation
		ADDED from src\main\AndroidManifest.xml:76:13-49
	android:windowSoftInputMode
		ADDED from src\main\AndroidManifest.xml:77:13-64
	android:name
		ADDED from src\main\AndroidManifest.xml:75:13-52
activity#com.tencent.liteav.demo.play.VodPlayerActivity
ADDED from src\main\AndroidManifest.xml:82:9-84:52
	android:screenOrientation
		ADDED from src\main\AndroidManifest.xml:84:13-49
	android:name
		ADDED from src\main\AndroidManifest.xml:83:13-51
activity#com.tencent.liteav.demo.videorecord.TCVideoRecordActivity
ADDED from src\main\AndroidManifest.xml:85:9-87:77
	android:configChanges
		ADDED from src\main\AndroidManifest.xml:87:13-74
	android:name
		ADDED from src\main\AndroidManifest.xml:86:13-62
activity#com.tencent.liteav.demo.videorecord.TCVideoSettingActivity
ADDED from src\main\AndroidManifest.xml:88:9-91:51
	android:screenOrientation
		ADDED from src\main\AndroidManifest.xml:91:13-49
	android:configChanges
		ADDED from src\main\AndroidManifest.xml:90:13-74
	android:name
		ADDED from src\main\AndroidManifest.xml:89:13-63
activity#com.tencent.liteav.demo.common.activity.videopreview.TCVideoPreviewActivity
ADDED from src\main\AndroidManifest.xml:92:9-94:52
	android:screenOrientation
		ADDED from src\main\AndroidManifest.xml:94:13-49
	android:name
		ADDED from src\main\AndroidManifest.xml:93:13-80
activity#com.tencent.rtmp.video.TXScreenCapture$TXScreenCaptureAssistantActivity
ADDED from src\main\AndroidManifest.xml:95:9-97:64
	android:theme
		ADDED from src\main\AndroidManifest.xml:97:13-61
	android:name
		ADDED from src\main\AndroidManifest.xml:96:13-99
activity#com.tencent.liteav.demo.shortvideo.choose.TCVideoChooseActivity
ADDED from src\main\AndroidManifest.xml:98:9-100:52
	android:screenOrientation
		ADDED from src\main\AndroidManifest.xml:100:13-49
	android:name
		ADDED from src\main\AndroidManifest.xml:99:13-68
activity#com.tencent.liteav.demo.shortvideo.joiner.TCVideoJoinerActivity
ADDED from src\main\AndroidManifest.xml:101:9-103:52
	android:screenOrientation
		ADDED from src\main\AndroidManifest.xml:103:13-49
	android:name
		ADDED from src\main\AndroidManifest.xml:102:13-68
activity#com.tencent.liteav.demo.shortvideo.joiner.TCVideoJoinerPreviewActivity
ADDED from src\main\AndroidManifest.xml:104:9-106:52
	android:screenOrientation
		ADDED from src\main\AndroidManifest.xml:106:13-49
	android:name
		ADDED from src\main\AndroidManifest.xml:105:13-75
activity#com.tencent.liteav.demo.shortvideo.editor.TCVideoEditerActivity
ADDED from src\main\AndroidManifest.xml:107:9-110:52
	android:screenOrientation
		ADDED from src\main\AndroidManifest.xml:110:13-49
	android:launchMode
		ADDED from src\main\AndroidManifest.xml:109:13-43
	android:name
		ADDED from src\main\AndroidManifest.xml:108:13-68
activity#com.tencent.liteav.demo.shortvideo.editor.TCVideoPreprocessActivity
ADDED from src\main\AndroidManifest.xml:111:9-114:52
	android:screenOrientation
		ADDED from src\main\AndroidManifest.xml:114:13-49
	android:launchMode
		ADDED from src\main\AndroidManifest.xml:113:13-43
	android:name
		ADDED from src\main\AndroidManifest.xml:112:13-72
activity#com.tencent.liteav.demo.shortvideo.editor.paster.TCPasterActivity
ADDED from src\main\AndroidManifest.xml:115:9-117:52
	android:screenOrientation
		ADDED from src\main\AndroidManifest.xml:117:13-49
	android:name
		ADDED from src\main\AndroidManifest.xml:116:13-70
activity#com.tencent.liteav.demo.shortvideo.editor.bubble.TCWordEditActivity
ADDED from src\main\AndroidManifest.xml:118:9-121:52
	android:screenOrientation
		ADDED from src\main\AndroidManifest.xml:121:13-49
	android:windowSoftInputMode
		ADDED from src\main\AndroidManifest.xml:120:13-65
	android:name
		ADDED from src\main\AndroidManifest.xml:119:13-72
activity#com.tencent.liteav.demo.videocall.VideoCallActivity
ADDED from src\main\AndroidManifest.xml:124:9-126:52
	android:screenOrientation
		ADDED from src\main\AndroidManifest.xml:126:13-49
	android:name
		ADDED from src\main\AndroidManifest.xml:125:13-56
meta-data#BUGLY_APPID
ADDED from src\main\AndroidManifest.xml:129:9-131:42
	android:value
		ADDED from src\main\AndroidManifest.xml:131:13-39
	android:name
		ADDED from src\main\AndroidManifest.xml:130:13-39
meta-data#BUGLY_APP_CHANNEL
ADDED from src\main\AndroidManifest.xml:134:9-136:37
	android:value
		ADDED from src\main\AndroidManifest.xml:136:13-34
	android:name
		ADDED from src\main\AndroidManifest.xml:135:13-45
meta-data#BUGLY_ENABLE_DEBUG
ADDED from src\main\AndroidManifest.xml:139:9-141:36
	android:value
		ADDED from src\main\AndroidManifest.xml:141:13-33
	android:name
		ADDED from src\main\AndroidManifest.xml:140:13-46
activity#com.tencent.liteav.demo.rtcroom.ui.multi_room.RTCMultiRoomActivity
ADDED from src\main\AndroidManifest.xml:143:9-149:20
	android:screenOrientation
		ADDED from src\main\AndroidManifest.xml:146:13-49
	android:label
		ADDED from src\main\AndroidManifest.xml:145:13-66
	android:windowSoftInputMode
		ADDED from src\main\AndroidManifest.xml:148:13-56
	android:theme
		ADDED from src\main\AndroidManifest.xml:147:13-57
	android:name
		ADDED from src\main\AndroidManifest.xml:144:13-71
activity#com.tencent.liteav.demo.rtcroom.ui.double_room.RTCDoubleRoomActivity
ADDED from src\main\AndroidManifest.xml:151:9-158:20
	android:screenOrientation
		ADDED from src\main\AndroidManifest.xml:154:13-49
	android:label
		ADDED from src\main\AndroidManifest.xml:153:13-66
	android:windowSoftInputMode
		ADDED from src\main\AndroidManifest.xml:157:13-64
	android:configChanges
		ADDED from src\main\AndroidManifest.xml:156:13-74
	android:theme
		ADDED from src\main\AndroidManifest.xml:155:13-57
	android:name
		ADDED from src\main\AndroidManifest.xml:152:13-73
activity#com.tencent.liteav.demo.liveroom.ui.LiveRoomActivity
ADDED from src\main\AndroidManifest.xml:160:9-166:20
	android:screenOrientation
		ADDED from src\main\AndroidManifest.xml:163:13-49
	android:label
		ADDED from src\main\AndroidManifest.xml:162:13-66
	android:windowSoftInputMode
		ADDED from src\main\AndroidManifest.xml:165:13-56
	android:theme
		ADDED from src\main\AndroidManifest.xml:164:13-57
	android:name
		ADDED from src\main\AndroidManifest.xml:161:13-57
activity#com.tencent.liteav.demo.answerroom.ui.AnswerRoomActivity
ADDED from src\main\AndroidManifest.xml:167:9-173:20
	android:screenOrientation
		ADDED from src\main\AndroidManifest.xml:170:13-49
	android:label
		ADDED from src\main\AndroidManifest.xml:169:13-66
	android:windowSoftInputMode
		ADDED from src\main\AndroidManifest.xml:172:13-56
	android:theme
		ADDED from src\main\AndroidManifest.xml:171:13-57
	android:name
		ADDED from src\main\AndroidManifest.xml:168:13-61
activity#com.tencent.liteav.demo.play.NewVodPlayerActivity
ADDED from src\main\AndroidManifest.xml:174:9-180:20
	android:screenOrientation
		ADDED from src\main\AndroidManifest.xml:179:13-49
	android:label
		ADDED from src\main\AndroidManifest.xml:177:13-45
	android:windowSoftInputMode
		ADDED from src\main\AndroidManifest.xml:178:13-54
	android:configChanges
		ADDED from src\main\AndroidManifest.xml:176:13-74
	android:name
		ADDED from src\main\AndroidManifest.xml:175:13-54
activity#com.tencent.liteav.demo.webrtc.WebRTCActivity
ADDED from src\main\AndroidManifest.xml:181:9-183:52
	android:screenOrientation
		ADDED from src\main\AndroidManifest.xml:183:13-49
	android:name
		ADDED from src\main\AndroidManifest.xml:182:13-50
uses-sdk
INJECTED from src\main\AndroidManifest.xml reason: use-sdk injection requested
MERGED from [:zxing-1.8.4:] AndroidManifest.xml:7:5-9:41
MERGED from [:barcodescanner-core-1.8.4:] AndroidManifest.xml:7:5-9:41
MERGED from [:volley-1.0.0:] AndroidManifest.xml:7:5-43
MERGED from [:LiteAVSDK_UGC:] AndroidManifest.xml:7:5-9:41
MERGED from [com.android.support:appcompat-v7:25.3.1] AndroidManifest.xml:21:5-23:78
MERGED from [com.android.support:support-v4:25.3.1] AndroidManifest.xml:21:5-23:54
MERGED from [com.android.support:support-fragment:25.3.1] AndroidManifest.xml:21:5-23:60
MERGED from [com.android.support:support-media-compat:25.3.1] AndroidManifest.xml:21:5-23:63
MERGED from [com.android.support:support-core-utils:25.3.1] AndroidManifest.xml:21:5-23:61
MERGED from [com.android.support:animated-vector-drawable:25.3.1] AndroidManifest.xml:20:5-44
MERGED from [com.android.support:support-vector-drawable:25.3.1] AndroidManifest.xml:20:5-43
MERGED from [com.android.support:recyclerview-v7:25.3.1] AndroidManifest.xml:20:5-43
MERGED from [com.android.support:support-core-ui:25.3.1] AndroidManifest.xml:21:5-23:58
MERGED from [com.android.support:support-compat:25.3.1] AndroidManifest.xml:21:5-23:58
MERGED from [com.github.ctiao:DanmakuFlameMaster:0.5.3] AndroidManifest.xml:22:5-24:41
MERGED from [:liteimsdk-release:] AndroidManifest.xml:7:5-9:41
MERGED from [com.android.support.constraint:constraint-layout:1.0.2] AndroidManifest.xml:5:5-7:41
MERGED from [com.android.support:multidex:1.0.1] AndroidManifest.xml:18:5-42
	tools:overrideLibrary
		ADDED from [com.android.support:appcompat-v7:25.3.1] AndroidManifest.xml:23:9-75
	android:targetSdkVersion
		INJECTED from src\main\AndroidManifest.xml
		INJECTED from src\main\AndroidManifest.xml
	android:minSdkVersion
		INJECTED from src\main\AndroidManifest.xml
		INJECTED from src\main\AndroidManifest.xml
uses-permission#android.permission.MOUNT_UNMOUNT_FILESYSTEMS
ADDED from [:LiteAVSDK_UGC:] AndroidManifest.xml:13:5-84
	android:name
		ADDED from [:LiteAVSDK_UGC:] AndroidManifest.xml:13:22-81
meta-data#android.support.VERSION
ADDED from [com.android.support:appcompat-v7:25.3.1] AndroidManifest.xml:25:5-27:34
MERGED from [com.android.support:support-v4:25.3.1] AndroidManifest.xml:25:5-27:34
MERGED from [com.android.support:support-fragment:25.3.1] AndroidManifest.xml:25:5-27:34
MERGED from [com.android.support:support-media-compat:25.3.1] AndroidManifest.xml:25:5-27:34
MERGED from [com.android.support:support-core-utils:25.3.1] AndroidManifest.xml:25:5-27:34
MERGED from [com.android.support:animated-vector-drawable:25.3.1] AndroidManifest.xml:22:5-24:34
MERGED from [com.android.support:support-vector-drawable:25.3.1] AndroidManifest.xml:22:5-24:34
MERGED from [com.android.support:recyclerview-v7:25.3.1] AndroidManifest.xml:22:5-24:34
MERGED from [com.android.support:support-core-ui:25.3.1] AndroidManifest.xml:25:5-27:34
MERGED from [com.android.support:support-compat:25.3.1] AndroidManifest.xml:25:5-27:34
	android:value
		ADDED from [com.android.support:appcompat-v7:25.3.1] AndroidManifest.xml:27:9-31
	android:name
		ADDED from [com.android.support:appcompat-v7:25.3.1] AndroidManifest.xml:26:9-47
uses-permission#android.permission.ACCESS_COARSE_LOCATION
ADDED from [:liteimsdk-release:] AndroidManifest.xml:14:5-81
	android:name
		ADDED from [:liteimsdk-release:] AndroidManifest.xml:14:22-78
uses-permission#android.permission.WAKE_LOCK
ADDED from [:liteimsdk-release:] AndroidManifest.xml:15:5-68
	android:name
		ADDED from [:liteimsdk-release:] AndroidManifest.xml:15:22-65
uses-permission#android.permission.GET_TASKS
ADDED from [:liteimsdk-release:] AndroidManifest.xml:16:5-68
	android:name
		ADDED from [:liteimsdk-release:] AndroidManifest.xml:16:22-65
uses-permission#android.permission.RECEIVE_BOOT_COMPLETED
ADDED from [:liteimsdk-release:] AndroidManifest.xml:18:5-81
	android:name
		ADDED from [:liteimsdk-release:] AndroidManifest.xml:18:22-78
uses-permission#android.permission.CHANGE_NETWORK_STATE
ADDED from [:liteimsdk-release:] AndroidManifest.xml:20:5-79
	android:name
		ADDED from [:liteimsdk-release:] AndroidManifest.xml:20:22-76
uses-permission#android.permission.VIBRATE
ADDED from [:liteimsdk-release:] AndroidManifest.xml:22:5-66
	android:name
		ADDED from [:liteimsdk-release:] AndroidManifest.xml:22:22-63
uses-permission#android.permission.INTERACT_ACROSS_USERS_FULL
ADDED from [:liteimsdk-release:] AndroidManifest.xml:23:5-85
	android:name
		ADDED from [:liteimsdk-release:] AndroidManifest.xml:23:22-82
uses-permission#android.permission.BROADCAST_STICKY
ADDED from [:liteimsdk-release:] AndroidManifest.xml:24:5-75
	android:name
		ADDED from [:liteimsdk-release:] AndroidManifest.xml:24:22-72
service#com.tencent.qcloud.netwrapper.remote.QalService
ADDED from [:liteimsdk-release:] AndroidManifest.xml:32:9-36:45
	android:enabled
		ADDED from [:liteimsdk-release:] AndroidManifest.xml:34:13-35
	android:process
		ADDED from [:liteimsdk-release:] AndroidManifest.xml:36:13-42
	android:exported
		ADDED from [:liteimsdk-release:] AndroidManifest.xml:35:13-36
	android:name
		ADDED from [:liteimsdk-release:] AndroidManifest.xml:33:13-75
service#com.tencent.qcloud.netwrapper.qal.QALJobSchedule
ADDED from [:liteimsdk-release:] AndroidManifest.xml:37:9-39:72
	android:permission
		ADDED from [:liteimsdk-release:] AndroidManifest.xml:39:13-69
	android:name
		ADDED from [:liteimsdk-release:] AndroidManifest.xml:38:13-76
receiver#com.tencent.qcloud.netwrapper.qal.QALBroadcastReceiver
ADDED from [:liteimsdk-release:] AndroidManifest.xml:41:9-50:20
	android:exported
		ADDED from [:liteimsdk-release:] AndroidManifest.xml:43:13-37
	android:name
		ADDED from [:liteimsdk-release:] AndroidManifest.xml:42:13-82
intent-filter#android.intent.action.BOOT_COMPLETED+android.net.conn.CONNECTIVITY_CHANGE+com.tencent.qcloud.qal+com.tencent.qcloud.qal.TASK_REMOVED
ADDED from [:liteimsdk-release:] AndroidManifest.xml:44:13-49:29
action#com.tencent.qcloud.qal
ADDED from [:liteimsdk-release:] AndroidManifest.xml:45:17-65
	android:name
		ADDED from [:liteimsdk-release:] AndroidManifest.xml:45:25-62
action#android.intent.action.BOOT_COMPLETED
ADDED from [:liteimsdk-release:] AndroidManifest.xml:46:17-79
	android:name
		ADDED from [:liteimsdk-release:] AndroidManifest.xml:46:25-76
action#android.net.conn.CONNECTIVITY_CHANGE
ADDED from [:liteimsdk-release:] AndroidManifest.xml:47:17-79
	android:name
		ADDED from [:liteimsdk-release:] AndroidManifest.xml:47:25-76
action#com.tencent.qcloud.qal.TASK_REMOVED
ADDED from [:liteimsdk-release:] AndroidManifest.xml:48:17-78
	android:name
		ADDED from [:liteimsdk-release:] AndroidManifest.xml:48:25-75